/usr/local/rvm/rubies/ruby-2.1.8/bin/ruby -r ./siteconf20161202-13743-4wb5gp.rb extconf.rb
checking for sqlite3.h... yes
checking for pthread_create() in -lpthread... yes
checking for sqlite3_libversion_number() in -lsqlite3... yes
checking for rb_proc_arity()... yes
checking for rb_integer_pack()... yes
checking for sqlite3_initialize()... yes
checking for sqlite3_backup_init()... yes
checking for sqlite3_column_database_name()... yes
checking for sqlite3_enable_load_extension()... yes
checking for sqlite3_load_extension()... yes
checking for sqlite3_open_v2()... yes
checking for sqlite3_prepare_v2()... yes
checking for sqlite3_int64 in sqlite3.h... yes
checking for sqlite3_uint64 in sqlite3.h... yes
creating Makefile

make "DESTDIR=" clean
make: 警告: ファイル `Makefile' の修正時刻が 0.21 秒分未来の時刻です
make: 警告:  時刻のずれを検出. 不完全なビルド結果になるかもしれません.

make "DESTDIR="
make: 警告: ファイル `Makefile' の修正時刻が 0.2 秒分未来の時刻です
compiling backup.c
compiling statement.c
compiling database.c
database.c: 関数 ‘db_filename’ 内:
database.c:837:3: 警告: 関数 ‘sqlite3_db_filename’ の暗黙的な宣言です [-Wimplicit-function-declaration]
database.c:837:9: 警告: 代入で整数からキャスト無しにポインタを作成しています [デフォルトで有効]
compiling exception.c
compiling sqlite3.c
linking shared-object sqlite3/sqlite3_native.so
make: 警告:  時刻のずれを検出. 不完全なビルド結果になるかもしれません.

make "DESTDIR=" install
make: 警告: ファイル `sqlite3_native.so' の修正時刻が 0.21 秒分未来の時刻です
/usr/bin/install -m 0755 sqlite3_native.so ./.gem.20161202-13743-3sgpci/sqlite3
installing default sqlite3_native libraries
make: 警告:  時刻のずれを検出. 不完全なビルド結果になるかもしれません.
